2025-09-01 01:20:04,132 INFO  Microsoft.Hosting.Lifetime - Application is shutting down...
2025-09-01 01:20:21,366 INFO  Program - Application is starting...
2025-09-01 01:20:22,038 INFO  Microsoft.Hosting.Lifetime - Now listening on: http://localhost:5219
2025-09-01 01:20:22,047 INFO  Microsoft.Hosting.Lifetime - Application started. Press Ctrl+C to shut down.
2025-09-01 01:20:22,050 INFO  Microsoft.Hosting.Lifetime - Hosting environment: Development
2025-09-01 01:20:22,051 INFO  Microsoft.Hosting.Lifetime - Content root path: C:\Users\kanha\source\repos\LandMaster\LandMaster
2025-09-01 01:32:28,409 WARN  Microsoft.AspNetCore.HttpsPolicy.HttpsRedirectionMiddleware - Failed to determine the https port for redirect.
2025-09-01 01:32:30,369 WARN  Microsoft.EntityFrameworkCore.Model.Validation - No store type was specified for the decimal property 'Price' on entity type 'Property'. This will cause values to be silently truncated if they do not fit in the default precision and scale. Explicitly specify the SQL server column type that can accommodate all the values in 'OnModelCreating' using 'HasColumnType', specify precision and scale using 'HasPrecision', or configure a value converter using 'HasConversion'.
2025-09-01 01:32:31,910 INFO  Microsoft.EntityFrameworkCore.Database.Command - Executed DbCommand (178ms) [Parameters=[@__normalizedEmail_0='?' (Size = 256)], CommandType='Text', CommandTimeout='30']
SELECT TOP(2) [a].[Id], [a].[AccessFailedCount], [a].[ConcurrencyStamp], [a].[Email], [a].[EmailConfirmed], [a].[LockoutEnabled], [a].[LockoutEnd], [a].[Name], [a].[NormalizedEmail], [a].[NormalizedUserName], [a].[PasswordHash], [a].[PhoneNumber], [a].[PhoneNumberConfirmed], [a].[SecurityStamp], [a].[TwoFactorEnabled], [a].[UserName]
FROM [AspNetUsers] AS [a]
WHERE [a].[NormalizedEmail] = @__normalizedEmail_0
2025-09-01 01:32:32,164 INFO  Microsoft.EntityFrameworkCore.Database.Command - Executed DbCommand (14ms) [Parameters=[@__normalizedUserName_0='?' (Size = 256)], CommandType='Text', CommandTimeout='30']
SELECT TOP(1) [a].[Id], [a].[AccessFailedCount], [a].[ConcurrencyStamp], [a].[Email], [a].[EmailConfirmed], [a].[LockoutEnabled], [a].[LockoutEnd], [a].[Name], [a].[NormalizedEmail], [a].[NormalizedUserName], [a].[PasswordHash], [a].[PhoneNumber], [a].[PhoneNumberConfirmed], [a].[SecurityStamp], [a].[TwoFactorEnabled], [a].[UserName]
FROM [AspNetUsers] AS [a]
WHERE [a].[NormalizedUserName] = @__normalizedUserName_0
2025-09-01 01:32:32,428 INFO  Microsoft.EntityFrameworkCore.Database.Command - Executed DbCommand (9ms) [Parameters=[@__user_Id_0='?' (Size = 450)], CommandType='Text', CommandTimeout='30']
SELECT [a].[Id], [a].[ClaimType], [a].[ClaimValue], [a].[UserId]
FROM [AspNetUserClaims] AS [a]
WHERE [a].[UserId] = @__user_Id_0
2025-09-01 01:32:32,502 INFO  Microsoft.EntityFrameworkCore.Database.Command - Executed DbCommand (14ms) [Parameters=[@__userId_0='?' (Size = 450)], CommandType='Text', CommandTimeout='30']
SELECT [a0].[Name]
FROM [AspNetUserRoles] AS [a]
INNER JOIN [AspNetRoles] AS [a0] ON [a].[RoleId] = [a0].[Id]
WHERE [a].[UserId] = @__userId_0
2025-09-01 01:32:32,526 INFO  Microsoft.EntityFrameworkCore.Database.Command - Executed DbCommand (4ms) [Parameters=[@__normalizedName_0='?' (Size = 256)], CommandType='Text', CommandTimeout='30']
SELECT TOP(1) [a].[Id], [a].[ConcurrencyStamp], [a].[Name], [a].[NormalizedName]
FROM [AspNetRoles] AS [a]
WHERE [a].[NormalizedName] = @__normalizedName_0
2025-09-01 01:32:32,586 INFO  Microsoft.EntityFrameworkCore.Database.Command - Executed DbCommand (7ms) [Parameters=[@__role_Id_0='?' (Size = 450)], CommandType='Text', CommandTimeout='30']
SELECT [a].[ClaimType], [a].[ClaimValue]
FROM [AspNetRoleClaims] AS [a]
WHERE [a].[RoleId] = @__role_Id_0
2025-09-01 01:32:32,649 INFO  Microsoft.EntityFrameworkCore.Database.Command - Executed DbCommand (9ms) [Parameters=[@__model_Email_0='?' (Size = 4000)], CommandType='Text', CommandTimeout='30']
SELECT TOP(1) [u].[UserId], [u].[Email], [u].[MobileNumber], [u].[Password], [u].[UserRole], [u].[Username]
FROM [Users] AS [u]
WHERE [u].[Email] = @__model_Email_0
2025-09-01 01:32:32,697 INFO  Microsoft.EntityFrameworkCore.Database.Command - Executed DbCommand (2ms) [Parameters=[@__userId_0='?' (Size = 450)], CommandType='Text', CommandTimeout='30']
SELECT [a0].[Name]
FROM [AspNetUserRoles] AS [a]
INNER JOIN [AspNetRoles] AS [a0] ON [a].[RoleId] = [a0].[Id]
WHERE [a].[UserId] = @__userId_0
2025-09-01 01:32:33,071 INFO  Microsoft.EntityFrameworkCore.Database.Command - Executed DbCommand (5ms) [Parameters=[@__userId_0='?' (DbType = Int32)], CommandType='Text', CommandTimeout='30']
SELECT TOP(1) [u].[UserId], [u].[Email], [u].[MobileNumber], [u].[Password], [u].[UserRole], [u].[Username]
FROM [Users] AS [u]
WHERE [u].[UserId] = @__userId_0
2025-09-01 01:32:54,191 INFO  Microsoft.EntityFrameworkCore.Database.Command - Executed DbCommand (1ms) [Parameters=[@__userId_0='?' (DbType = Int32)], CommandType='Text', CommandTimeout='30']
SELECT TOP(1) [u].[UserId], [u].[Email], [u].[MobileNumber], [u].[Password], [u].[UserRole], [u].[Username]
FROM [Users] AS [u]
WHERE [u].[UserId] = @__userId_0
2025-09-01 01:33:06,539 INFO  Microsoft.EntityFrameworkCore.Database.Command - Executed DbCommand (1ms) [Parameters=[@__userId_0='?' (DbType = Int32)], CommandType='Text', CommandTimeout='30']
SELECT TOP(1) [u].[UserId], [u].[Email], [u].[MobileNumber], [u].[Password], [u].[UserRole], [u].[Username]
FROM [Users] AS [u]
WHERE [u].[UserId] = @__userId_0
